mode: atomic
github.com/miladibra10/vjson/float_spec.go:20.116,22.40 2 2
github.com/miladibra10/vjson/float_spec.go:28.2,39.3 1 2
github.com/miladibra10/vjson/float_spec.go:22.40,27.3 1 2
github.com/miladibra10/vjson/integer_spec.go:20.122,22.40 2 4
github.com/miladibra10/vjson/integer_spec.go:28.2,39.3 1 4
github.com/miladibra10/vjson/integer_spec.go:22.40,27.3 1 4
github.com/miladibra10/vjson/null_spec.go:9.45,13.2 1 1
github.com/miladibra10/vjson/object_spec.go:11.66,17.2 1 2
github.com/miladibra10/vjson/boolean.go:17.41,19.2 1 3
github.com/miladibra10/vjson/boolean.go:22.54,23.14 1 9
github.com/miladibra10/vjson/boolean.go:30.2,32.9 2 7
github.com/miladibra10/vjson/boolean.go:36.2,36.28 1 6
github.com/miladibra10/vjson/boolean.go:42.2,42.12 1 5
github.com/miladibra10/vjson/boolean.go:23.14,24.23 1 2
github.com/miladibra10/vjson/boolean.go:27.3,27.65 1 1
github.com/miladibra10/vjson/boolean.go:24.23,26.4 1 1
github.com/miladibra10/vjson/boolean.go:32.9,34.3 1 1
github.com/miladibra10/vjson/boolean.go:36.28,37.23 1 2
github.com/miladibra10/vjson/boolean.go:37.23,39.4 1 1
github.com/miladibra10/vjson/boolean.go:46.49,49.2 2 4
github.com/miladibra10/vjson/boolean.go:52.59,56.2 3 1
github.com/miladibra10/vjson/boolean.go:59.41,64.2 1 8
github.com/miladibra10/vjson/float.go:38.39,40.2 1 3
github.com/miladibra10/vjson/float.go:43.52,44.14 1 18
github.com/miladibra10/vjson/float.go:51.2,53.9 2 16
github.com/miladibra10/vjson/float.go:57.2,58.46 2 15
github.com/miladibra10/vjson/float.go:68.2,68.26 1 15
github.com/miladibra10/vjson/float.go:74.2,74.26 1 15
github.com/miladibra10/vjson/float.go:80.2,80.28 1 15
github.com/miladibra10/vjson/float.go:98.2,98.15 1 15
github.com/miladibra10/vjson/float.go:44.14,45.23 1 2
github.com/miladibra10/vjson/float.go:48.3,48.65 1 1
github.com/miladibra10/vjson/float.go:45.23,47.4 1 1
github.com/miladibra10/vjson/float.go:53.9,55.3 1 1
github.com/miladibra10/vjson/float.go:58.46,59.16 1 2
github.com/miladibra10/vjson/float.go:59.16,61.4 1 1
github.com/miladibra10/vjson/float.go:62.8,62.54 1 13
github.com/miladibra10/vjson/float.go:62.54,63.16 1 2
github.com/miladibra10/vjson/float.go:63.16,65.4 1 1
github.com/miladibra10/vjson/float.go:68.26,69.25 1 2
github.com/miladibra10/vjson/float.go:69.25,71.4 1 1
github.com/miladibra10/vjson/float.go:74.26,75.25 1 2
github.com/miladibra10/vjson/float.go:75.25,77.4 1 1
github.com/miladibra10/vjson/float.go:80.28,82.35 2 5
github.com/miladibra10/vjson/float.go:89.3,89.15 1 5
github.com/miladibra10/vjson/float.go:82.35,83.42 1 7
github.com/miladibra10/vjson/float.go:83.42,85.10 2 4
github.com/miladibra10/vjson/float.go:89.15,91.36 2 1
github.com/miladibra10/vjson/float.go:94.4,94.131 1 1
github.com/miladibra10/vjson/float.go:91.36,93.5 1 2
github.com/miladibra10/vjson/float.go:102.45,105.2 2 8
github.com/miladibra10/vjson/float.go:108.45,112.2 3 1
github.com/miladibra10/vjson/float.go:115.45,119.2 3 1
github.com/miladibra10/vjson/float.go:122.53,126.2 3 1
github.com/miladibra10/vjson/float.go:129.53,133.2 3 1
github.com/miladibra10/vjson/float.go:136.60,140.2 3 4
github.com/miladibra10/vjson/float.go:143.37,156.2 1 12
github.com/miladibra10/vjson/integer.go:38.41,40.2 1 12
github.com/miladibra10/vjson/integer.go:43.54,44.14 1 81
github.com/miladibra10/vjson/integer.go:50.2,58.24 5 78
github.com/miladibra10/vjson/integer.go:62.2,62.13 1 73
github.com/miladibra10/vjson/integer.go:66.2,67.46 2 73
github.com/miladibra10/vjson/integer.go:77.2,77.26 1 73
github.com/miladibra10/vjson/integer.go:83.2,83.26 1 73
github.com/miladibra10/vjson/integer.go:89.2,89.28 1 73
github.com/miladibra10/vjson/integer.go:107.2,107.15 1 73
github.com/miladibra10/vjson/integer.go:44.14,45.23 1 3
github.com/miladibra10/vjson/integer.go:48.3,48.65 1 2
github.com/miladibra10/vjson/integer.go:45.23,47.4 1 1
github.com/miladibra10/vjson/integer.go:58.24,60.3 1 5
github.com/miladibra10/vjson/integer.go:62.13,64.3 1 38
github.com/miladibra10/vjson/integer.go:67.46,68.16 1 2
github.com/miladibra10/vjson/integer.go:68.16,70.4 1 1
github.com/miladibra10/vjson/integer.go:71.8,71.54 1 71
github.com/miladibra10/vjson/integer.go:71.54,72.16 1 2
github.com/miladibra10/vjson/integer.go:72.16,74.4 1 1
github.com/miladibra10/vjson/integer.go:77.26,78.25 1 5
github.com/miladibra10/vjson/integer.go:78.25,80.4 1 1
github.com/miladibra10/vjson/integer.go:83.26,84.25 1 5
github.com/miladibra10/vjson/integer.go:84.25,86.4 1 1
github.com/miladibra10/vjson/integer.go:89.28,91.35 2 36
github.com/miladibra10/vjson/integer.go:98.3,98.15 1 36
github.com/miladibra10/vjson/integer.go:91.35,92.42 1 42
github.com/miladibra10/vjson/integer.go:92.42,94.10 2 32
github.com/miladibra10/vjson/integer.go:98.15,100.36 2 4
github.com/miladibra10/vjson/integer.go:103.4,103.131 1 4
github.com/miladibra10/vjson/integer.go:100.36,102.5 1 8
github.com/miladibra10/vjson/integer.go:111.49,114.2 2 14
github.com/miladibra10/vjson/integer.go:117.49,121.2 3 1
github.com/miladibra10/vjson/integer.go:124.49,128.2 3 1
github.com/miladibra10/vjson/integer.go:131.53,135.2 3 2
github.com/miladibra10/vjson/integer.go:138.53,142.2 3 2
github.com/miladibra10/vjson/integer.go:145.60,149.2 3 9
github.com/miladibra10/vjson/integer.go:152.41,165.2 1 31
github.com/miladibra10/vjson/schema.go:25.52,28.16 3 20
github.com/miladibra10/vjson/schema.go:31.2,35.46 3 19
github.com/miladibra10/vjson/schema.go:44.2,44.15 1 19
github.com/miladibra10/vjson/schema.go:28.16,30.3 1 1
github.com/miladibra10/vjson/schema.go:35.46,37.17 2 18
github.com/miladibra10/vjson/schema.go:41.3,41.37 1 8
github.com/miladibra10/vjson/schema.go:37.17,39.12 2 10
github.com/miladibra10/vjson/schema.go:47.76,49.11 2 19
github.com/miladibra10/vjson/schema.go:118.2,118.51 1 1
github.com/miladibra10/vjson/schema.go:49.11,51.9 2 18
github.com/miladibra10/vjson/schema.go:116.3,116.50 1 1
github.com/miladibra10/vjson/schema.go:51.9,53.21 2 17
github.com/miladibra10/vjson/schema.go:54.21,55.5 1 4
github.com/miladibra10/vjson/schema.go:62.19,63.5 1 2
github.com/miladibra10/vjson/schema.go:70.20,71.5 1 2
github.com/miladibra10/vjson/schema.go:78.19,79.5 1 2
github.com/miladibra10/vjson/schema.go:86.21,87.5 1 2
github.com/miladibra10/vjson/schema.go:94.20,95.5 1 2
github.com/miladibra10/vjson/schema.go:102.18,103.5 1 2
github.com/miladibra10/vjson/schema.go:110.12,111.5 1 1
github.com/miladibra10/vjson/schema.go:55.5,57.20 2 4
github.com/miladibra10/vjson/schema.go:60.6,60.23 1 3
github.com/miladibra10/vjson/schema.go:57.20,59.7 1 1
github.com/miladibra10/vjson/schema.go:63.5,65.20 2 2
github.com/miladibra10/vjson/schema.go:68.6,68.23 1 1
github.com/miladibra10/vjson/schema.go:65.20,67.7 1 1
github.com/miladibra10/vjson/schema.go:71.5,73.20 2 2
github.com/miladibra10/vjson/schema.go:76.6,76.23 1 1
github.com/miladibra10/vjson/schema.go:73.20,75.7 1 1
github.com/miladibra10/vjson/schema.go:79.5,81.20 2 2
github.com/miladibra10/vjson/schema.go:84.6,84.23 1 1
github.com/miladibra10/vjson/schema.go:81.20,83.7 1 1
github.com/miladibra10/vjson/schema.go:87.5,89.20 2 2
github.com/miladibra10/vjson/schema.go:92.6,92.23 1 1
github.com/miladibra10/vjson/schema.go:89.20,91.7 1 1
github.com/miladibra10/vjson/schema.go:95.5,97.20 2 2
github.com/miladibra10/vjson/schema.go:100.6,100.23 1 1
github.com/miladibra10/vjson/schema.go:97.20,99.7 1 1
github.com/miladibra10/vjson/schema.go:103.5,105.20 2 2
github.com/miladibra10/vjson/schema.go:108.6,108.23 1 1
github.com/miladibra10/vjson/schema.go:105.20,107.7 1 1
github.com/miladibra10/vjson/schema.go:111.5,113.6 1 1
github.com/miladibra10/vjson/schema.go:121.91,124.16 3 4
github.com/miladibra10/vjson/schema.go:127.2,127.24 1 4
github.com/miladibra10/vjson/schema.go:130.2,137.22 6 3
github.com/miladibra10/vjson/schema.go:124.16,126.3 1 0
github.com/miladibra10/vjson/schema.go:127.24,129.3 1 1
github.com/miladibra10/vjson/schema.go:140.87,143.16 3 2
github.com/miladibra10/vjson/schema.go:147.2,147.26 1 2
github.com/miladibra10/vjson/schema.go:151.2,158.24 6 1
github.com/miladibra10/vjson/schema.go:143.16,145.3 1 0
github.com/miladibra10/vjson/schema.go:147.26,149.3 1 1
github.com/miladibra10/vjson/schema.go:161.89,164.16 3 2
github.com/miladibra10/vjson/schema.go:167.2,167.27 1 2
github.com/miladibra10/vjson/schema.go:170.2,177.25 6 1
github.com/miladibra10/vjson/schema.go:164.16,166.3 1 0
github.com/miladibra10/vjson/schema.go:167.27,169.3 1 1
github.com/miladibra10/vjson/schema.go:180.87,183.16 3 2
github.com/miladibra10/vjson/schema.go:186.2,186.26 1 2
github.com/miladibra10/vjson/schema.go:190.2,191.12 2 1
github.com/miladibra10/vjson/schema.go:194.2,195.9 2 1
github.com/miladibra10/vjson/schema.go:198.2,199.16 2 1
github.com/miladibra10/vjson/schema.go:203.2,207.24 4 1
github.com/miladibra10/vjson/schema.go:183.16,185.3 1 0
github.com/miladibra10/vjson/schema.go:186.26,188.3 1 1
github.com/miladibra10/vjson/schema.go:191.12,193.3 1 0
github.com/miladibra10/vjson/schema.go:195.9,197.3 1 0
github.com/miladibra10/vjson/schema.go:199.16,201.3 1 0
github.com/miladibra10/vjson/schema.go:210.91,213.16 3 2
github.com/miladibra10/vjson/schema.go:216.2,216.28 1 2
github.com/miladibra10/vjson/schema.go:220.2,224.26 3 1
github.com/miladibra10/vjson/schema.go:213.16,215.3 1 0
github.com/miladibra10/vjson/schema.go:216.28,218.3 1 1
github.com/miladibra10/vjson/schema.go:227.89,230.16 3 2
github.com/miladibra10/vjson/schema.go:233.2,233.27 1 2
github.com/miladibra10/vjson/schema.go:237.2,238.12 2 1
github.com/miladibra10/vjson/schema.go:241.2,242.9 2 1
github.com/miladibra10/vjson/schema.go:246.2,247.16 2 1
github.com/miladibra10/vjson/schema.go:251.2,253.16 3 1
github.com/miladibra10/vjson/schema.go:257.2,258.25 2 1
github.com/miladibra10/vjson/schema.go:230.16,232.3 1 0
github.com/miladibra10/vjson/schema.go:233.27,235.3 1 1
github.com/miladibra10/vjson/schema.go:238.12,240.3 1 0
github.com/miladibra10/vjson/schema.go:242.9,244.3 1 0
github.com/miladibra10/vjson/schema.go:247.16,249.3 1 0
github.com/miladibra10/vjson/schema.go:253.16,255.3 1 0
github.com/miladibra10/vjson/schema.go:261.85,264.16 3 2
github.com/miladibra10/vjson/schema.go:267.2,267.25 1 2
github.com/miladibra10/vjson/schema.go:271.2,273.23 2 1
github.com/miladibra10/vjson/schema.go:264.16,266.3 1 0
github.com/miladibra10/vjson/schema.go:267.25,269.3 1 1
github.com/miladibra10/vjson/schema.go:278.52,279.29 1 14
github.com/miladibra10/vjson/schema.go:283.2,283.53 1 1
github.com/miladibra10/vjson/schema.go:279.29,282.3 2 13
github.com/miladibra10/vjson/schema.go:287.53,288.24 1 10
github.com/miladibra10/vjson/schema.go:292.2,292.53 1 1
github.com/miladibra10/vjson/schema.go:288.24,291.3 2 9
github.com/miladibra10/vjson/schema.go:295.56,297.33 2 22
github.com/miladibra10/vjson/schema.go:305.2,305.15 1 22
github.com/miladibra10/vjson/schema.go:297.33,301.17 4 26
github.com/miladibra10/vjson/schema.go:301.17,303.4 1 5
github.com/miladibra10/vjson/schema.go:309.40,311.2 1 1
github.com/miladibra10/vjson/schema.go:314.52,316.2 1 1
github.com/miladibra10/vjson/schema.go:319.51,322.16 3 18
github.com/miladibra10/vjson/schema.go:325.2,325.16 1 8
github.com/miladibra10/vjson/schema.go:322.16,324.3 1 10
github.com/miladibra10/vjson/schema.go:329.53,331.16 2 18
github.com/miladibra10/vjson/schema.go:334.2,335.16 2 17
github.com/miladibra10/vjson/schema.go:338.2,338.29 1 17
github.com/miladibra10/vjson/schema.go:331.16,333.3 1 1
github.com/miladibra10/vjson/schema.go:335.16,337.3 1 0
github.com/miladibra10/vjson/string_spec.go:14.134,27.2 1 2
github.com/miladibra10/vjson/array.go:25.39,27.2 1 7
github.com/miladibra10/vjson/array.go:30.52,31.14 1 20
github.com/miladibra10/vjson/array.go:38.2,39.9 2 18
github.com/miladibra10/vjson/array.go:43.2,44.32 2 16
github.com/miladibra10/vjson/array.go:50.2,50.32 1 16
github.com/miladibra10/vjson/array.go:56.2,56.31 1 16
github.com/miladibra10/vjson/array.go:62.2,62.15 1 16
github.com/miladibra10/vjson/array.go:31.14,32.22 1 2
github.com/miladibra10/vjson/array.go:35.3,35.65 1 1
github.com/miladibra10/vjson/array.go:32.22,34.4 1 1
github.com/miladibra10/vjson/array.go:39.9,41.3 1 2
github.com/miladibra10/vjson/array.go:44.32,45.37 1 3
github.com/miladibra10/vjson/array.go:45.37,47.4 1 1
github.com/miladibra10/vjson/array.go:50.32,51.37 1 3
github.com/miladibra10/vjson/array.go:51.37,53.4 1 1
github.com/miladibra10/vjson/array.go:56.31,58.17 2 50
github.com/miladibra10/vjson/array.go:58.17,60.4 1 4
github.com/miladibra10/vjson/array.go:66.45,69.2 2 6
github.com/miladibra10/vjson/array.go:72.56,76.2 3 1
github.com/miladibra10/vjson/array.go:79.56,83.2 3 1
github.com/miladibra10/vjson/array.go:86.54,92.2 1 14
github.com/miladibra10/vjson/boolean_spec.go:11.76,18.2 1 2
github.com/miladibra10/vjson/null.go:14.38,16.2 1 1
github.com/miladibra10/vjson/null.go:19.55,20.18 1 2
github.com/miladibra10/vjson/null.go:23.2,23.61 1 1
github.com/miladibra10/vjson/null.go:20.18,22.3 1 1
github.com/miladibra10/vjson/null.go:27.35,31.2 1 3
github.com/miladibra10/vjson/object.go:20.40,22.2 1 5
github.com/miladibra10/vjson/object.go:25.53,26.14 1 10
github.com/miladibra10/vjson/object.go:34.2,38.9 4 8
github.com/miladibra10/vjson/object.go:47.2,47.47 1 6
github.com/miladibra10/vjson/object.go:26.14,27.23 1 2
github.com/miladibra10/vjson/object.go:30.3,30.65 1 1
github.com/miladibra10/vjson/object.go:27.23,29.4 1 1
github.com/miladibra10/vjson/object.go:38.9,40.17 2 6
github.com/miladibra10/vjson/object.go:40.17,42.4 1 0
github.com/miladibra10/vjson/object.go:43.8,45.3 1 2
github.com/miladibra10/vjson/object.go:51.47,54.2 2 1
github.com/miladibra10/vjson/object.go:57.54,63.2 1 8
github.com/miladibra10/vjson/string.go:33.40,35.2 1 3
github.com/miladibra10/vjson/string.go:38.47,41.2 2 3
github.com/miladibra10/vjson/string.go:44.58,45.16 1 2
github.com/miladibra10/vjson/string.go:48.2,50.10 3 1
github.com/miladibra10/vjson/string.go:45.16,47.3 1 1
github.com/miladibra10/vjson/string.go:54.58,55.16 1 2
github.com/miladibra10/vjson/string.go:58.2,60.10 3 1
github.com/miladibra10/vjson/string.go:55.16,57.3 1 1
github.com/miladibra10/vjson/string.go:64.58,68.2 3 2
github.com/miladibra10/vjson/string.go:71.63,75.2 3 1
github.com/miladibra10/vjson/string.go:78.57,79.18 1 19
github.com/miladibra10/vjson/string.go:86.2,88.9 2 17
github.com/miladibra10/vjson/string.go:92.2,94.30 2 16
github.com/miladibra10/vjson/string.go:100.2,100.30 1 16
github.com/miladibra10/vjson/string.go:106.2,106.28 1 16
github.com/miladibra10/vjson/string.go:115.2,115.27 1 14
github.com/miladibra10/vjson/string.go:129.2,129.15 1 13
github.com/miladibra10/vjson/string.go:79.18,80.23 1 2
github.com/miladibra10/vjson/string.go:83.3,83.65 1 1
github.com/miladibra10/vjson/string.go:80.23,82.4 1 1
github.com/miladibra10/vjson/string.go:88.9,90.3 1 1
github.com/miladibra10/vjson/string.go:94.30,95.42 1 2
github.com/miladibra10/vjson/string.go:95.42,97.4 1 1
github.com/miladibra10/vjson/string.go:100.30,101.42 1 2
github.com/miladibra10/vjson/string.go:101.42,103.4 1 1
github.com/miladibra10/vjson/string.go:106.28,107.41 1 3
github.com/miladibra10/vjson/string.go:112.3,112.147 1 1
github.com/miladibra10/vjson/string.go:107.41,108.29 1 5
github.com/miladibra10/vjson/string.go:108.29,110.5 1 2
github.com/miladibra10/vjson/string.go:115.27,117.17 2 5
github.com/miladibra10/vjson/string.go:122.3,124.21 2 4
github.com/miladibra10/vjson/string.go:117.17,120.4 2 1
github.com/miladibra10/vjson/string.go:124.21,126.4 1 2
github.com/miladibra10/vjson/string.go:133.39,139.2 1 16
github.com/miladibra10/vjson/array_spec.go:13.112,23.2 1 2
